<?xml version="1.0" encoding="UTF-8"?>
<testsuite name="FactorialTest" tests="7" skipped="0" failures="0" errors="0" timestamp="2021-06-01T14:21:52" hostname="SRIs-MacBook-Pro.local" time="0.027">
  <properties/>
  <testcase name="shouldReturnTheFactorialOf0As1()" classname="FactorialTest" time="0.021"/>
  <testcase name="shouldReturnTheFactorialOf1As1()" classname="FactorialTest" time="0.001"/>
  <testcase name="shouldReturnTheFactorialOf2As2()" classname="FactorialTest" time="0.001"/>
  <testcase name="shouldReturnFactorialOf5As120()" classname="FactorialTest" time="0.001"/>
  <testcase name="shouldReturnFactorialOf4As24()" classname="FactorialTest" time="0.001"/>
  <testcase name="shouldReturnFactorialOf10As3628800()" classname="FactorialTest" time="0.001"/>
  <testcase name="shouldReturnFactorialOf3As6()" classname="FactorialTest" time="0.0"/>
  <system-out><![CDATA[]]></system-out>
  <system-err><![CDATA[]]></system-err>
</testsuite>
