<?xml version="1.0" encoding="UTF-8"?>
<testsuite name="FactorialTest" tests="7" skipped="0" failures="0" errors="0" timestamp="2021-06-01T14:15:11" hostname="SRIs-MacBook-Pro.local" time="0.025">
  <properties/>
  <testcase name="shouldReturnFactorialAs362990When10isGiven()" classname="FactorialTest" time="0.019"/>
  <testcase name="shouldReturnFactorialAs24When4isGiven()" classname="FactorialTest" time="0.001"/>
  <testcase name="shouldReturnTheFactorialAs1When1isGiven()" classname="FactorialTest" time="0.001"/>
  <testcase name="shouldReturnTheFactorialAs2When2isGiven()" classname="FactorialTest" time="0.001"/>
  <testcase name="shouldReturnFactorialAs6When3isGiven()" classname="FactorialTest" time="0.001"/>
  <testcase name="shouldReturnTheFactorialAs1When0isGiven()" classname="FactorialTest" time="0.001"/>
  <testcase name="shouldReturnFactorialAs120When5isGiven()" classname="FactorialTest" time="0.0"/>
  <system-out><![CDATA[]]></system-out>
  <system-err><![CDATA[]]></system-err>
</testsuite>
